This is pdfTeX, Version 3.1415926-2.3-1.40.12 (TeX Live 2011) (format=.nipsMSB 2013.5.19)  19 MAY 2013 10:02
entering extended mode
 restricted \write18 enabled.
 %&-line parsing enabled.
**&.nipsMSB "./.nipsMSB.tex"
(./.nipsMSB.tex
LaTeX2e <2009/09/24>
Babel <v3.8l> and hyphenation patterns for english, dumylang, nohyphenation, ge
rman-x-2009-06-19, ngerman-x-2009-06-19, afrikaans, ancientgreek, ibycus, arabi
c, armenian, basque, bulgarian, catalan, pinyin, coptic, croatian, czech, danis
h, dutch, ukenglish, usenglishmax, esperanto, estonian, ethiopic, farsi, finnis
h, french, galician, german, ngerman, swissgerman, monogreek, greek, hungarian,
 icelandic, assamese, bengali, gujarati, hindi, kannada, malayalam, marathi, or
iya, panjabi, tamil, telugu, indonesian, interlingua, irish, italian, kurmanji,
 lao, latin, latvian, lithuanian, mongolian, mongolianlmc, bokmal, nynorsk, pol
ish, portuguese, romanian, russian, sanskrit, serbian, serbianc, slovak, sloven
ian, spanish, swedish, turkish, turkmen, ukrainian, uppersorbian, welsh, loaded
.
(./.nipsMSB.aux

LaTeX Warning: Label `Def:tree' multiply defined.

)
\openout1 = `.nipsMSB.aux'.

LaTeX Font Info:    Checking defaults for OML/cmm/m/it on input line 76.
LaTeX Font Info:    ... okay on input line 76.
LaTeX Font Info:    Checking defaults for T1/cmr/m/n on input line 76.
LaTeX Font Info:    ... okay on input line 76.
LaTeX Font Info:    Checking defaults for OT1/cmr/m/n on input line 76.
LaTeX Font Info:    ... okay on input line 76.
LaTeX Font Info:    Checking defaults for OMS/cmsy/m/n on input line 76.
LaTeX Font Info:    ... okay on input line 76.
LaTeX Font Info:    Checking defaults for OMX/cmex/m/n on input line 76.
LaTeX Font Info:    ... okay on input line 76.
LaTeX Font Info:    Checking defaults for U/cmr/m/n on input line 76.
LaTeX Font Info:    ... okay on input line 76.
LaTeX Font Info:    Checking defaults for PD1/pdf/m/n on input line 76.
LaTeX Font Info:    ... okay on input line 76.
LaTeX Font Info:    Try loading font information for OT1+ptm on input line 76.
(/usr/local/texlive/2011/texmf-dist/tex/latex/psnfss/ot1ptm.fd
File: ot1ptm.fd 2001/06/04 font definitions for OT1/ptm.
)
\AtBeginShipoutBox=\box32
(/usr/local/texlive/2011/texmf-dist/tex/context/base/supp-pdf.mkii
[Loading MPS to PDF converter (version 2006.09.02).]
\scratchcounter=\count127
\scratchdimen=\dimen123
\scratchbox=\box33
\nofMPsegments=\count128
\nofMParguments=\count129
\everyMPshowfont=\toks23
\MPscratchCnt=\count130
\MPscratchDim=\dimen124
\MPnumerator=\count131
\makeMPintoPDFobject=\count132
\everyMPtoPDFconversion=\toks24
) (/usr/local/texlive/2011/texmf-dist/tex/latex/oberdiek/epstopdf-base.sty
Package: epstopdf-base 2010/02/09 v2.5 Base part for package epstopdf
(/usr/local/texlive/2011/texmf-dist/tex/latex/oberdiek/grfext.sty
Package: grfext 2010/08/19 v1.1 Managing graphics extensions (HO)
)
Package grfext Info: Graphics extension search list:
(grfext)             [.png,.pdf,.jpg,.mps,.jpeg,.jbig2,.jb2,.PNG,.PDF,.JPG,.JPE
G,.JBIG2,.JB2,.eps]
(grfext)             \AppendGraphicsExtensions on input line 452.
(/usr/local/texlive/2011/texmf-dist/tex/latex/latexconfig/epstopdf-sys.cfg
File: epstopdf-sys.cfg 2010/07/13 v1.3 Configuration of (r)epstopdf for TeX Liv
e
))
Package hyperref Info: Link coloring OFF on input line 76.
(/usr/local/texlive/2011/texmf-dist/tex/latex/hyperref/nameref.sty
Package: nameref 2010/04/30 v2.40 Cross-referencing by name of section
(/usr/local/texlive/2011/texmf-dist/tex/generic/oberdiek/gettitlestring.sty
Package: gettitlestring 2010/12/03 v1.4 Cleanup title references (HO)
)
\c@section@level=\count133
)
LaTeX Info: Redefining \ref on input line 76.
LaTeX Info: Redefining \pageref on input line 76.
LaTeX Info: Redefining \nameref on input line 76.
(./.nipsMSB.out) (./.nipsMSB.out)
\@outlinefile=\write3
\openout3 = `.nipsMSB.out'.

LaTeX Font Info:    Font shape `OT1/ptm/bx/n' in size <17.28> not available
(Font)              Font shape `OT1/ptm/b/n' tried instead on input line 80.
LaTeX Font Info:    Try loading font information for U+msa on input line 80.
(/usr/local/texlive/2011/texmf-dist/tex/latex/amsfonts/umsa.fd
File: umsa.fd 2009/06/22 v3.00 AMS symbols A
)
LaTeX Font Info:    Try loading font information for U+msb on input line 80.
(/usr/local/texlive/2011/texmf-dist/tex/latex/amsfonts/umsb.fd
File: umsb.fd 2009/06/22 v3.00 AMS symbols B
)
LaTeX Font Info:    Font shape `OT1/ptm/bx/n' in size <10> not available
(Font)              Font shape `OT1/ptm/b/n' tried instead on input line 80.
LaTeX Font Info:    Try loading font information for OT1+pcr on input line 80.
(/usr/local/texlive/2011/texmf-dist/tex/latex/psnfss/ot1pcr.fd
File: ot1pcr.fd 2001/06/04 font definitions for OT1/pcr.
)
LaTeX Font Info:    Font shape `OT1/ptm/bx/n' in size <12> not available
(Font)              Font shape `OT1/ptm/b/n' tried instead on input line 81.
[1{/usr/local/texlive/2011/texmf-var/fonts/map/pdftex/updmap/pdftex.map}]

LaTeX Warning: Reference `fig:swiss' on page 2 undefined on input line 123.


Underfull \vbox (badness 4303) has occurred while \output is active []

[2]

Package natbib Warning: Citation `Allard2012' on page 3 undefined on input line
 131.


Underfull \hbox (badness 2213) in paragraph at lines 160--161
[]\OT1/ptm/m/it/10 A tree de-com-po-si-tion of a $\OML/cmm/m/it/10 p$ \OT1/ptm/
m/it/10 di-men-sional space $\OMS/cmsy/m/n/10 X$ \OT1/ptm/m/it/10 is a col-lec-
tions of sets
 []

[3]
Underfull \hbox (badness 10000) in paragraph at lines 169--170

 []

[4]
LaTeX Font Info:    Try loading font information for OMS+ptm on input line 217.

(/usr/local/texlive/2011/texmf-dist/tex/latex/psnfss/omsptm.fd
File: omsptm.fd 
)
LaTeX Font Info:    Font shape `OMS/ptm/m/n' in size <10> not available
(Font)              Font shape `OMS/cmsy/m/n' tried instead on input line 217.
[5]
Package epstopdf Info: Source file: <densityestimate.eps>
(epstopdf)                    date: 2013-02-15 21:30:42
(epstopdf)                    size: 81367 bytes
(epstopdf)             Output file: <densityestimate-eps-converted-to.pdf>
(epstopdf)                    date: 2013-04-16 17:59:40
(epstopdf)                    size: 60966 bytes
(epstopdf)             Command: <repstopdf --outfile=densityestimate-eps-conver
ted-to.pdf densityestimate.eps>
(epstopdf)             \includegraphics on input line 228.
Package epstopdf Info: Output file is already uptodate.
<densityestimate-eps-converted-to.pdf, id=157, 562.1pt x 421.575pt>
File: densityestimate-eps-converted-to.pdf Graphic file (type pdf)
<use densityestimate-eps-converted-to.pdf>
Package pdftex.def Info: densityestimate-eps-converted-to.pdf used on input lin
e 228.
(pdftex.def)             Requested size: 317.9892pt x 238.49265pt.
[6 <./densityestimate-eps-converted-to.pdf>]
Underfull \vbox (badness 6188) has occurred while \output is active []

[7]
Package epstopdf Info: Source file: <Swissroll.eps>
(epstopdf)                    date: 2013-04-13 06:05:18
(epstopdf)                    size: 383509 bytes
(epstopdf)             Output file: <Swissroll-eps-converted-to.pdf>
(epstopdf)                    date: 2013-04-16 17:59:41
(epstopdf)                    size: 411430 bytes
(epstopdf)             Command: <repstopdf --outfile=Swissroll-eps-converted-to
.pdf Swissroll.eps>
(epstopdf)             \includegraphics on input line 425.
Package epstopdf Info: Output file is already uptodate.
<Swissroll-eps-converted-to.pdf, id=197, 396.48125pt x 334.24875pt>
File: Swissroll-eps-converted-to.pdf Graphic file (type pdf)
<use Swissroll-eps-converted-to.pdf>
Package pdftex.def Info: Swissroll-eps-converted-to.pdf used on input line 425.

(pdftex.def)             Requested size: 170.71954pt x 142.26549pt.
Package epstopdf Info: Source file: <SManifold.eps>
(epstopdf)                    date: 2013-04-13 06:06:04
(epstopdf)                    size: 374583 bytes
(epstopdf)             Output file: <SManifold-eps-converted-to.pdf>
(epstopdf)                    date: 2013-04-16 17:59:42
(epstopdf)                    size: 403636 bytes
(epstopdf)             Command: <repstopdf --outfile=SManifold-eps-converted-to
.pdf SManifold.eps>
(epstopdf)             \includegraphics on input line 425.
Package epstopdf Info: Output file is already uptodate.
<SManifold-eps-converted-to.pdf, id=198, 396.48125pt x 332.24126pt>
File: SManifold-eps-converted-to.pdf Graphic file (type pdf)
<use SManifold-eps-converted-to.pdf>
Package pdftex.def Info: SManifold-eps-converted-to.pdf used on input line 425.

(pdftex.def)             Requested size: 170.71954pt x 142.26274pt.
[8 <./Swissroll-eps-converted-to.pdf> <./SManifold-eps-converted-to.pdf>] [9]

Package natbib Warning: Citation `langley00' undefined on input line 538.

Package epstopdf Info: Source file: <plotCPU.eps>
(epstopdf)                    date: 2013-04-16 10:35:46
(epstopdf)                    size: 8528 bytes
(epstopdf)             Output file: <plotCPU-eps-converted-to.pdf>
(epstopdf)                    date: 2013-04-16 17:59:42
(epstopdf)                    size: 7262 bytes
(epstopdf)             Command: <repstopdf --outfile=plotCPU-eps-converted-to.p
df plotCPU.eps>
(epstopdf)             \includegraphics on input line 544.
Package epstopdf Info: Output file is already uptodate.
<plotCPU-eps-converted-to.pdf, id=241, 495.8525pt x 312.16624pt>
File: plotCPU-eps-converted-to.pdf Graphic file (type pdf)
<use plotCPU-eps-converted-to.pdf>
Package pdftex.def Info: plotCPU-eps-converted-to.pdf used on input line 544.
(pdftex.def)             Requested size: 317.9892pt x 200.19058pt.

LaTeX Warning: `!h' float specifier changed to `!ht'.

Package epstopdf Info: Source file: <Time_real2.eps>
(epstopdf)                    date: 2013-02-15 21:29:54
(epstopdf)                    size: 9014 bytes
(epstopdf)             Output file: <Time_real2-eps-converted-to.pdf>
(epstopdf)                    date: 2013-04-16 17:59:42
(epstopdf)                    size: 7951 bytes
(epstopdf)             Command: <repstopdf --outfile=Time_real2-eps-converted-t
o.pdf Time_real2.eps>
(epstopdf)             \includegraphics on input line 551.
Package epstopdf Info: Output file is already uptodate.
<Time_real2-eps-converted-to.pdf, id=242, 561.09625pt x 421.575pt>
File: Time_real2-eps-converted-to.pdf Graphic file (type pdf)
<use Time_real2-eps-converted-to.pdf>
Package pdftex.def Info: Time_real2-eps-converted-to.pdf used on input line 551
.
(pdftex.def)             Requested size: 397.48499pt x 298.6449pt.

LaTeX Warning: `!h' float specifier changed to `!ht'.

[10] (./.nipsMSB.bbl
Underfull \vbox (badness 1009) has occurred while \output is active []

[11 <./plotCPU-eps-converted-to.pdf> <./Time_real2-eps-converted-to.pdf>]
Missing character: There is no Ð in font ptmr7t!
Missing character: There is no Ð in font ptmr7t!
Missing character: There is no Ð in font ptmr7t!
Missing character: There is no Þ in font ptmr7t!
[12])

Package natbib Warning: There were undefined citations.

Package atveryend Info: Empty hook `BeforeClearDocument' on input line 563.
[13]
Package atveryend Info: Empty hook `AfterLastShipout' on input line 563.
(./.nipsMSB.aux)
Package atveryend Info: Executing hook `AtVeryEndDocument' on input line 563.
Package atveryend Info: Executing hook `AtEndAfterFileList' on input line 563.
Package rerunfilecheck Info: File `.nipsMSB.out' has not changed.
(rerunfilecheck)             Checksum: 940C30244A68CF8627CE71F7FC080E99;624.

LaTeX Warning: There were undefined references.


LaTeX Warning: There were multiply-defined labels.

Package atveryend Info: Empty hook `AtVeryVeryEnd' on input line 563.
 ) 
Here is how much of TeX's memory you used:
 994 strings out of 487168
 15236 string characters out of 3053435
 225876 words of memory out of 3000000
 10547 multiletter control sequences out of 15000+200000
 23074 words of font info for 54 fonts, out of 3000000 for 9000
 831 hyphenation exceptions out of 8191
 35i,12n,33p,1408b,507s stack positions out of 5000i,500n,10000p,200000b,50000s
{/usr/local/texlive/2011/texmf-dist/fonts/enc/dvips/base/8r.enc}</usr/local/t
exlive/2011/texmf-dist/fonts/type1/public/amsfonts/cm/cmex10.pfb></usr/local/te
xlive/2011/texmf-dist/fonts/type1/public/amsfonts/cm/cmmi10.pfb></usr/local/tex
live/2011/texmf-dist/fonts/type1/public/amsfonts/cm/cmmi5.pfb></usr/local/texli
ve/2011/texmf-dist/fonts/type1/public/amsfonts/cm/cmmi6.pfb></usr/local/texlive
/2011/texmf-dist/fonts/type1/public/amsfonts/cm/cmmi7.pfb></usr/local/texlive/2
011/texmf-dist/fonts/type1/public/amsfonts/cm/cmmi9.pfb></usr/local/texlive/201
1/texmf-dist/fonts/type1/public/amsfonts/cm/cmr10.pfb></usr/local/texlive/2011/
texmf-dist/fonts/type1/public/amsfonts/cm/cmr5.pfb></usr/local/texlive/2011/tex
mf-dist/fonts/type1/public/amsfonts/cm/cmr7.pfb></usr/local/texlive/2011/texmf-
dist/fonts/type1/public/amsfonts/cm/cmr9.pfb></usr/local/texlive/2011/texmf-dis
t/fonts/type1/public/amsfonts/cm/cmsy10.pfb></usr/local/texlive/2011/texmf-dist
/fonts/type1/public/amsfonts/cm/cmsy5.pfb></usr/local/texlive/2011/texmf-dist/f
onts/type1/public/amsfonts/cm/cmsy7.pfb></usr/local/texlive/2011/texmf-dist/fon
ts/type1/public/amsfonts/symbols/msbm10.pfb></usr/local/texlive/2011/texmf-dist
/fonts/type1/public/amsfonts/symbols/msbm7.pfb></usr/local/texlive/2011/texmf-d
ist/fonts/type1/urw/courier/ucrr8a.pfb></usr/local/texlive/2011/texmf-dist/font
s/type1/urw/helvetic/uhvb8a.pfb></usr/local/texlive/2011/texmf-dist/fonts/type1
/urw/times/utmb8a.pfb></usr/local/texlive/2011/texmf-dist/fonts/type1/urw/times
/utmr8a.pfb></usr/local/texlive/2011/texmf-dist/fonts/type1/urw/times/utmri8a.p
fb>
Output written on .nipsMSB.pdf (13 pages, 1132062 bytes).
PDF statistics:
 359 PDF objects out of 1000 (max. 8388607)
 310 compressed objects within 4 object streams
 82 named destinations out of 1000 (max. 500000)
 114 words of extra memory for PDF output out of 10000 (max. 10000000)

