This is pdfTeX, Version 3.1415926-2.3-1.40.12 (TeX Live 2011) (format=.nipsMSB_supplement 2013.5.26)  27 MAY 2013 13:48
entering extended mode
 restricted \write18 enabled.
 %&-line parsing enabled.
**&.nipsMSB_supplement "./.nipsMSB_supplement.tex"
(./.nipsMSB_supplement.tex
LaTeX2e <2009/09/24>
Babel <v3.8l> and hyphenation patterns for english, dumylang, nohyphenation, ge
rman-x-2009-06-19, ngerman-x-2009-06-19, afrikaans, ancientgreek, ibycus, arabi
c, armenian, basque, bulgarian, catalan, pinyin, coptic, croatian, czech, danis
h, dutch, ukenglish, usenglishmax, esperanto, estonian, ethiopic, farsi, finnis
h, french, galician, german, ngerman, swissgerman, monogreek, greek, hungarian,
 icelandic, assamese, bengali, gujarati, hindi, kannada, malayalam, marathi, or
iya, panjabi, tamil, telugu, indonesian, interlingua, irish, italian, kurmanji,
 lao, latin, latvian, lithuanian, mongolian, mongolianlmc, bokmal, nynorsk, pol
ish, portuguese, romanian, russian, sanskrit, serbian, serbianc, slovak, sloven
ian, spanish, swedish, turkish, turkmen, ukrainian, uppersorbian, welsh, loaded
.
(./.nipsMSB_supplement.aux)
\openout1 = `.nipsMSB_supplement.aux'.

LaTeX Font Info:    Checking defaults for OML/cmm/m/it on input line 75.
LaTeX Font Info:    ... okay on input line 75.
LaTeX Font Info:    Checking defaults for T1/cmr/m/n on input line 75.
LaTeX Font Info:    ... okay on input line 75.
LaTeX Font Info:    Checking defaults for OT1/cmr/m/n on input line 75.
LaTeX Font Info:    ... okay on input line 75.
LaTeX Font Info:    Checking defaults for OMS/cmsy/m/n on input line 75.
LaTeX Font Info:    ... okay on input line 75.
LaTeX Font Info:    Checking defaults for OMX/cmex/m/n on input line 75.
LaTeX Font Info:    ... okay on input line 75.
LaTeX Font Info:    Checking defaults for U/cmr/m/n on input line 75.
LaTeX Font Info:    ... okay on input line 75.
LaTeX Font Info:    Checking defaults for PD1/pdf/m/n on input line 75.
LaTeX Font Info:    ... okay on input line 75.
LaTeX Font Info:    Try loading font information for OT1+ptm on input line 75.
(/usr/local/texlive/2011/texmf-dist/tex/latex/psnfss/ot1ptm.fd
File: ot1ptm.fd 2001/06/04 font definitions for OT1/ptm.
)
\AtBeginShipoutBox=\box32
(/usr/local/texlive/2011/texmf-dist/tex/context/base/supp-pdf.mkii
[Loading MPS to PDF converter (version 2006.09.02).]
\scratchcounter=\count127
\scratchdimen=\dimen123
\scratchbox=\box33
\nofMPsegments=\count128
\nofMParguments=\count129
\everyMPshowfont=\toks23
\MPscratchCnt=\count130
\MPscratchDim=\dimen124
\MPnumerator=\count131
\makeMPintoPDFobject=\count132
\everyMPtoPDFconversion=\toks24
) (/usr/local/texlive/2011/texmf-dist/tex/latex/oberdiek/epstopdf-base.sty
Package: epstopdf-base 2010/02/09 v2.5 Base part for package epstopdf
(/usr/local/texlive/2011/texmf-dist/tex/latex/oberdiek/grfext.sty
Package: grfext 2010/08/19 v1.1 Managing graphics extensions (HO)
)
Package grfext Info: Graphics extension search list:
(grfext)             [.png,.pdf,.jpg,.mps,.jpeg,.jbig2,.jb2,.PNG,.PDF,.JPG,.JPE
G,.JBIG2,.JB2,.eps]
(grfext)             \AppendGraphicsExtensions on input line 452.
(/usr/local/texlive/2011/texmf-dist/tex/latex/latexconfig/epstopdf-sys.cfg
File: epstopdf-sys.cfg 2010/07/13 v1.3 Configuration of (r)epstopdf for TeX Liv
e
))
Package hyperref Info: Link coloring OFF on input line 75.
(/usr/local/texlive/2011/texmf-dist/tex/latex/hyperref/nameref.sty
Package: nameref 2010/04/30 v2.40 Cross-referencing by name of section
(/usr/local/texlive/2011/texmf-dist/tex/generic/oberdiek/gettitlestring.sty
Package: gettitlestring 2010/12/03 v1.4 Cleanup title references (HO)
)
\c@section@level=\count133
)
LaTeX Info: Redefining \ref on input line 75.
LaTeX Info: Redefining \pageref on input line 75.
LaTeX Info: Redefining \nameref on input line 75.
(./.nipsMSB_supplement.out) (./.nipsMSB_supplement.out)
\@outlinefile=\write3
\openout3 = `.nipsMSB_supplement.out'.

LaTeX Font Info:    Font shape `OT1/ptm/bx/n' in size <17.28> not available
(Font)              Font shape `OT1/ptm/b/n' tried instead on input line 76.
LaTeX Font Info:    Try loading font information for U+msa on input line 76.
(/usr/local/texlive/2011/texmf-dist/tex/latex/amsfonts/umsa.fd
File: umsa.fd 2009/06/22 v3.00 AMS symbols A
)
LaTeX Font Info:    Try loading font information for U+msb on input line 76.
(/usr/local/texlive/2011/texmf-dist/tex/latex/amsfonts/umsb.fd
File: umsb.fd 2009/06/22 v3.00 AMS symbols B
)
LaTeX Font Info:    Font shape `OT1/ptm/bx/n' in size <10> not available
(Font)              Font shape `OT1/ptm/b/n' tried instead on input line 76.
LaTeX Font Info:    Try loading font information for OT1+pcr on input line 76.
(/usr/local/texlive/2011/texmf-dist/tex/latex/psnfss/ot1pcr.fd
File: ot1pcr.fd 2001/06/04 font definitions for OT1/pcr.
)
LaTeX Font Info:    Font shape `OT1/ptm/bx/n' in size <12> not available
(Font)              Font shape `OT1/ptm/b/n' tried instead on input line 76.

LaTeX Warning: Reference `eq:base' on page 1 undefined on input line 94.

[1{/usr/local/texlive/2011/texmf-var/fonts/map/pdftex/updmap/pdftex.map}]
Package epstopdf Info: Source file: <Swissroll.eps>
(epstopdf)                    date: 2013-04-13 06:05:18
(epstopdf)                    size: 383509 bytes
(epstopdf)             Output file: <Swissroll-eps-converted-to.pdf>
(epstopdf)                    date: 2013-04-16 08:25:41
(epstopdf)                    size: 411430 bytes
(epstopdf)             Command: <repstopdf --outfile=Swissroll-eps-converted-to
.pdf Swissroll.eps>
(epstopdf)             \includegraphics on input line 381.
Package epstopdf Info: Output file is already uptodate.
<Swissroll-eps-converted-to.pdf, id=37, 396.48125pt x 334.24875pt>
File: Swissroll-eps-converted-to.pdf Graphic file (type pdf)
<use Swissroll-eps-converted-to.pdf>
Package pdftex.def Info: Swissroll-eps-converted-to.pdf used on input line 381.

(pdftex.def)             Requested size: 170.71954pt x 142.26549pt.
Package epstopdf Info: Source file: <SManifold.eps>
(epstopdf)                    date: 2013-04-13 06:06:04
(epstopdf)                    size: 374583 bytes
(epstopdf)             Output file: <SManifold-eps-converted-to.pdf>
(epstopdf)                    date: 2013-04-16 08:25:41
(epstopdf)                    size: 403636 bytes
(epstopdf)             Command: <repstopdf --outfile=SManifold-eps-converted-to
.pdf SManifold.eps>
(epstopdf)             \includegraphics on input line 381.
Package epstopdf Info: Output file is already uptodate.
<SManifold-eps-converted-to.pdf, id=38, 396.48125pt x 332.24126pt>
File: SManifold-eps-converted-to.pdf Graphic file (type pdf)
<use SManifold-eps-converted-to.pdf>
Package pdftex.def Info: SManifold-eps-converted-to.pdf used on input line 381.

(pdftex.def)             Requested size: 170.71954pt x 142.26274pt.
No file .nipsMSB_supplement.bbl.
Package atveryend Info: Empty hook `BeforeClearDocument' on input line 391.
[2 <./Swissroll-eps-converted-to.pdf> <./SManifold-eps-converted-to.pdf>] [3] [
4] [5]
Package atveryend Info: Empty hook `AfterLastShipout' on input line 391.
(./.nipsMSB_supplement.aux)
Package atveryend Info: Executing hook `AtVeryEndDocument' on input line 391.
Package atveryend Info: Executing hook `AtEndAfterFileList' on input line 391.

Package rerunfilecheck Warning: File `.nipsMSB_supplement.out' has changed.
(rerunfilecheck)                Rerun to get outlines right
(rerunfilecheck)                or use package `bookmark'.

Package rerunfilecheck Info: Checksums for `.nipsMSB_supplement.out':
(rerunfilecheck)             Before: 801434231F27C5BA849DB7B376D737FF;151
(rerunfilecheck)             After:  A38FB7312F2F6B0CE75821AF422F6912;210.

LaTeX Warning: There were undefined references.


LaTeX Warning: Label(s) may have changed. Rerun to get cross-references right.

Package atveryend Info: Empty hook `AtVeryVeryEnd' on input line 391.
 ) 
Here is how much of TeX's memory you used:
 778 strings out of 487169
 11970 string characters out of 3053382
 240319 words of memory out of 3000000
 10402 multiletter control sequences out of 15000+200000
 21390 words of font info for 52 fonts, out of 3000000 for 9000
 831 hyphenation exceptions out of 8191
 36i,12n,31p,818b,342s stack positions out of 5000i,500n,10000p,200000b,50000s
{/usr/local/texlive/2011/texmf-dist/fonts/enc/dvips/base/8r.enc}</usr/local/t
exlive/2011/texmf-dist/fonts/type1/public/amsfonts/cm/cmex10.pfb></usr/local/te
xlive/2011/texmf-dist/fonts/type1/public/amsfonts/cm/cmmi10.pfb></usr/local/tex
live/2011/texmf-dist/fonts/type1/public/amsfonts/cm/cmmi5.pfb></usr/local/texli
ve/2011/texmf-dist/fonts/type1/public/amsfonts/cm/cmmi7.pfb></usr/local/texlive
/2011/texmf-dist/fonts/type1/public/amsfonts/cm/cmmi9.pfb></usr/local/texlive/2
011/texmf-dist/fonts/type1/public/amsfonts/cm/cmr10.pfb></usr/local/texlive/201
1/texmf-dist/fonts/type1/public/amsfonts/cm/cmr7.pfb></usr/local/texlive/2011/t
exmf-dist/fonts/type1/public/amsfonts/cm/cmr9.pfb></usr/local/texlive/2011/texm
f-dist/fonts/type1/public/amsfonts/cm/cmsy10.pfb></usr/local/texlive/2011/texmf
-dist/fonts/type1/public/amsfonts/cm/cmsy7.pfb></usr/local/texlive/2011/texmf-d
ist/fonts/type1/public/amsfonts/latxfont/line10.pfb></usr/local/texlive/2011/te
xmf-dist/fonts/type1/public/amsfonts/symbols/msbm10.pfb></usr/local/texlive/201
1/texmf-dist/fonts/type1/urw/courier/ucrr8a.pfb></usr/local/texlive/2011/texmf-
dist/fonts/type1/urw/helvetic/uhvb8a.pfb></usr/local/texlive/2011/texmf-dist/fo
nts/type1/urw/times/utmb8a.pfb></usr/local/texlive/2011/texmf-dist/fonts/type1/
urw/times/utmr8a.pfb>
Output written on .nipsMSB_supplement.pdf (5 pages, 961233 bytes).
PDF statistics:
 137 PDF objects out of 1000 (max. 8388607)
 108 compressed objects within 2 object streams
 20 named destinations out of 1000 (max. 500000)
 35 words of extra memory for PDF output out of 10000 (max. 10000000)

